# JRE version: Java(TM) SE Runtime Environment Oracle GraalVM 17.0.10+11.1 (17.0.10+11) (build 17.0.10+11-LTS-jvmci-23.0-b27)
# Java VM: Java HotSpot(TM) 64-Bit Server VM Oracle GraalVM 17.0.10+11.1 (17.0.10+11-LTS-jvmci-23.0-b27, mixed mode, sharing, tiered, jvmci, jvmci compiler, compressed oops, compressed class ptrs, g1 gc, windows-amd64)
GC Precious Log:
 CPUs: 16 total, 16 available
 Memory: 65388M
 Large Page Support: Disabled
 NUMA Support: Disabled
 Compressed Oops: Enabled (Zero based)
 Heap Region Size: 4M
 Heap Min Capacity: 8M
 Heap Initial Capacity: 1G
 Heap Max Capacity: 8G
 Pre-touch: Disabled
 Parallel Workers: 13
 Concurrent Workers: 3
 Concurrent Refinement Workers: 13
 Periodic GC: Disabled
Heap:
 garbage-first heap   total 602112K, used 220981K [0x0000000600000000, 0x0000000800000000)
  region size 4096K, 9 young (36864K), 1 survivors (4096K)
 Metaspace       used 75616K, committed 76544K, reserved 1179648K
  class space    used 10018K, committed 10432K, reserved 1048576K
GC Heap History (20 events):
Event: 11.835 GC heap before
{Heap before GC invocations=20 (full 0):
 garbage-first heap   total 266240K, used 182069K [0x0000000600000000, 0x0000000800000000)
  region size 4096K, 17 young (69632K), 4 survivors (16384K)
 Metaspace       used 72444K, committed 73152K, reserved 1114112K
  class space    used 9749K, committed 10048K, reserved 1048576K
}
Event: 11.849 GC heap after
{Heap after GC invocations=21 (full 0):
 garbage-first heap   total 266240K, used 168261K [0x0000000600000000, 0x0000000800000000)
  region size 4096K, 3 young (12288K), 3 survivors (12288K)
 Metaspace       used 72444K, committed 73152K, reserved 1114112K
  class space    used 9749K, committed 10048K, reserved 1048576K
}
Event: 11.890 GC heap before
{Heap before GC invocations=21 (full 0):
 garbage-first heap   total 266240K, used 192837K [0x0000000600000000, 0x0000000800000000)
  region size 4096K, 9 young (36864K), 3 survivors (12288K)
 Metaspace       used 72564K, committed 73280K, reserved 1114112K
  class space    used 9761K, committed 10048K, reserved 1048576K
}
Event: 11.899 GC heap after
{Heap after GC invocations=22 (full 0):
 garbage-first heap   total 532480K, used 188026K [0x0000000600000000, 0x0000000800000000)
  region size 4096K, 2 young (8192K), 2 survivors (8192K)
 Metaspace       used 72564K, committed 73280K, reserved 1114112K
  class space    used 9761K, committed 10048K, reserved 1048576K
}
Event: 12.523 GC heap before
{Heap before GC invocations=23 (full 0):
 garbage-first heap   total 532480K, used 392826K [0x0000000600000000, 0x0000000800000000)
  region size 4096K, 32 young (131072K), 2 survivors (8192K)
 Metaspace       used 73122K, committed 73856K, reserved 1114112K
  class space    used 9790K, committed 10112K, reserved 1048576K
}
Event: 12.538 GC heap after
{Heap after GC invocations=24 (full 0):
 garbage-first heap   total 532480K, used 215032K [0x0000000600000000, 0x0000000800000000)
  region size 4096K, 4 young (16384K), 4 survivors (16384K)
 Metaspace       used 73122K, committed 73856K, reserved 1114112K
  class space    used 9790K, committed 10112K, reserved 1048576K
}
Event: 12.602 GC heap before
{Heap before GC invocations=24 (full 0):
 garbage-first heap   total 532480K, used 219128K [0x0000000600000000, 0x0000000800000000)
  region size 4096K, 6 young (24576K), 4 survivors (16384K)
 Metaspace       used 73122K, committed 73856K, reserved 1114112K
  class space    used 9790K, committed 10112K, reserved 1048576K
}
Event: 12.611 GC heap after
{Heap after GC invocations=25 (full 0):
 garbage-first heap   total 532480K, used 216445K [0x0000000600000000, 0x0000000800000000)
  region size 4096K, 1 young (4096K), 1 survivors (4096K)
 Metaspace       used 73122K, committed 73856K, reserved 1114112K
  class space    used 9790K, committed 10112K, reserved 1048576K
}
Event: 12.789 GC heap before
{Heap before GC invocations=25 (full 0):
 garbage-first heap   total 532480K, used 351613K [0x0000000600000000, 0x0000000800000000)
  region size 4096K, 30 young (122880K), 1 survivors (4096K)
 Metaspace       used 73274K, committed 74048K, reserved 1114112K
  class space    used 9801K, committed 10112K, reserved 1048576K
}
Event: 12.807 GC heap after
{Heap after GC invocations=26 (full 0):
 garbage-first heap   total 532480K, used 300762K [0x0000000600000000, 0x0000000800000000)
  region size 4096K, 4 young (16384K), 4 survivors (16384K)
 Metaspace       used 73274K, committed 74048K, reserved 1114112K
  class space    used 9801K, committed 10112K, reserved 1048576K
}
Event: 12.890 GC heap before
{Heap before GC invocations=26 (full 0):
 garbage-first heap   total 532480K, used 362202K [0x0000000600000000, 0x0000000800000000)
  region size 4096K, 21 young (86016K), 4 survivors (16384K)
 Metaspace       used 73341K, committed 74112K, reserved 1114112K
  class space    used 9801K, committed 10112K, reserved 1048576K
}
Event: 12.912 GC heap after
{Heap after GC invocations=27 (full 0):
 garbage-first heap   total 532480K, used 339765K [0x0000000600000000, 0x0000000800000000)
  region size 4096K, 3 young (12288K), 3 survivors (12288K)
 Metaspace       used 73341K, committed 74112K, reserved 1114112K
  class space    used 9801K, committed 10112K, reserved 1048576K
}
Event: 12.998 GC heap before
{Heap before GC invocations=27 (full 0):
 garbage-first heap   total 532480K, used 413493K [0x0000000600000000, 0x0000000800000000)
  region size 4096K, 16 young (65536K), 3 survivors (12288K)
 Metaspace       used 73341K, committed 74112K, reserved 1114112K
  class space    used 9801K, committed 10112K, reserved 1048576K
}
Event: 13.016 GC heap after
{Heap after GC invocations=28 (full 0):
 garbage-first heap   total 1064960K, used 388917K [0x0000000600000000, 0x0000000800000000)
  region size 4096K, 2 young (8192K), 2 survivors (8192K)
 Metaspace       used 73341K, committed 74112K, reserved 1114112K
  class space    used 9801K, committed 10112K, reserved 1048576K
}
Event: 365.372 GC heap before
{Heap before GC invocations=29 (full 0):
 garbage-first heap   total 958464K, used 511797K [0x0000000600000000, 0x0000000800000000)
  region size 4096K, 59 young (241664K), 2 survivors (8192K)
 Metaspace       used 74851K, committed 75648K, reserved 1179648K
  class space    used 9989K, committed 10368K, reserved 1048576K
}
Event: 365.398 GC heap after
{Heap after GC invocations=30 (full 0):
 garbage-first heap   total 958464K, used 368348K [0x0000000600000000, 0x0000000800000000)
  region size 4096K, 8 young (32768K), 8 survivors (32768K)
 Metaspace       used 74851K, committed 75648K, reserved 1179648K
  class space    used 9989K, committed 10368K, reserved 1048576K
}
Event: 366.259 GC heap before
{Heap before GC invocations=30 (full 0):
 garbage-first heap   total 958464K, used 380636K [0x0000000600000000, 0x0000000800000000)
  region size 4096K, 11 young (45056K), 8 survivors (32768K)
 Metaspace       used 75073K, committed 75904K, reserved 1179648K
  class space    used 10002K, committed 10368K, reserved 1048576K
}
Event: 366.277 GC heap after
{Heap after GC invocations=31 (full 0):
 garbage-first heap   total 958464K, used 370852K [0x0000000600000000, 0x0000000800000000)
  region size 4096K, 2 young (8192K), 2 survivors (8192K)
 Metaspace       used 75073K, committed 75904K, reserved 1179648K
  class space    used 10002K, committed 10368K, reserved 1048576K
}
Event: 367.618 GC heap before
{Heap before GC invocations=31 (full 0):
 garbage-first heap   total 958464K, used 383140K [0x0000000600000000, 0x0000000800000000)
  region size 4096K, 6 young (24576K), 2 survivors (8192K)
 Metaspace       used 75397K, committed 76224K, reserved 1179648K
  class space    used 10018K, committed 10432K, reserved 1048576K
}
Event: 367.621 GC heap after
{Heap after GC invocations=32 (full 0):
 garbage-first heap   total 958464K, used 368437K [0x0000000600000000, 0x0000000800000000)
  region size 4096K, 1 young (4096K), 1 survivors (4096K)
 Metaspace       used 75397K, committed 76224K, reserved 1179648K
  class space    used 10018K, committed 10432K, reserved 1048576K
}

